2025-10-13 22:22:39 [INFO] Press 'q' to capture and recognize.
2025-10-13 22:22:49 [INFO] Captured image saved to /tmp/tmpbuljzm9u.png
2025-10-13 22:22:51 [ERROR] Error verifying ds_model_vggface_detector_opencv_aligned_normalization_base_expand_0.pkl: Exception while processing img2_path
2025-10-13 22:22:52 [INFO] Comparing with Hardik1.png: distance 0.857231, verified False
2025-10-13 22:22:54 [INFO] Comparing with Jeet1.jpeg: distance 0.82813, verified False
2025-10-13 22:22:54 [INFO] Face recognition result: False
2025-10-13 23:05:39 [ERROR] Cannot access webcam.
2025-10-14 07:54:01 [INFO] Press 'q' to capture and recognize.
2025-10-14 07:54:11 [INFO] Captured image saved to /tmp/tmpp7fbghay.png
2025-10-14 07:54:14 [ERROR] Error verifying ds_model_vggface_detector_opencv_aligned_normalization_base_expand_0.pkl: Exception while processing img2_path
2025-10-14 07:54:14 [INFO] Comparing with Hardik1.png: distance 0.868782, verified False
2025-10-14 07:54:16 [INFO] Comparing with Jeet1.jpeg: distance 0.897596, verified False
2025-10-14 07:54:16 [INFO] Face recognition result: False
2025-10-14 07:55:59 [INFO] Press 'q' to capture and recognize.
2025-10-14 07:56:08 [INFO] Captured image saved to /tmp/tmpotkxjg_r.png
2025-10-14 07:56:10 [ERROR] Error verifying ds_model_vggface_detector_opencv_aligned_normalization_base_expand_0.pkl: Exception while processing img2_path
2025-10-14 07:56:11 [INFO] Comparing with Hardik1.png: distance 0.879543, verified False
2025-10-14 07:56:13 [INFO] Comparing with Jeet1.jpeg: distance 0.884754, verified False
2025-10-14 07:56:13 [INFO] Face recognition result: False
2025-10-14 08:07:56 [INFO] Press 'q' to capture and recognize.
2025-10-14 08:08:06 [INFO] Captured image saved to /tmp/tmpjcjwpk0w.png
2025-10-14 08:21:08 [INFO] Comparing with Jeet.jpeg: distance 0.885197, verified False
2025-10-14 08:21:09 [ERROR] Error verifying ds_model_vggface_detector_opencv_aligned_normalization_base_expand_0.pkl: Exception while processing img2_path
2025-10-14 08:21:10 [INFO] Comparing with Hardik1.png: distance 0.864477, verified False
2025-10-14 08:21:10 [INFO] Face recognition result: False
2025-10-14 08:49:47 [INFO] Press 'q' to capture and recognize.
2025-10-14 08:50:07 [INFO] Captured image saved to /tmp/tmp1wxcrdr5.png
2025-10-14 08:50:11 [INFO] Comparing with Jeet.jpeg: distance 0.892664, verified False
2025-10-14 08:50:11 [ERROR] Error verifying ds_model_vggface_detector_opencv_aligned_normalization_base_expand_0.pkl: Exception while processing img2_path
2025-10-14 08:50:13 [INFO] Comparing with Hardik1.png: distance 0.885347, verified False
2025-10-14 08:50:13 [INFO] Face recognition result: False
2025-10-14 08:58:10 [INFO] Press 'q' to capture and recognize.
2025-10-14 08:58:15 [INFO] Captured image saved to /tmp/tmpnbz9hxdc.png
2025-10-14 08:58:19 [INFO] Comparing with Jeet.jpeg: distance 0.51235, verified True
2025-10-14 08:58:19 [INFO] Face recognition result: True
