2025-10-08 11:25:40 [INFO] No activation phrase detected. Camera remains idle.
2025-10-08 11:27:02 [INFO] Activation phrase detected! Notifying camera...
2025-10-08 11:27:07 [INFO] {'ok': False, 'error_code': 400, 'description': 'Bad Request: chat not found'}
2025-10-08 11:27:07 [INFO] Camera notified to start recording.
2025-10-08 11:27:07 [INFO] Starting webcam...
2025-10-08 11:27:07 [INFO] Webcam activated successfully. Captured one frame for now.
2025-10-08 11:34:30 [INFO] Activation phrase detected! Notifying camera...
2025-10-08 11:34:30 [INFO] {'ok': True, 'result': {'message_id': 3, 'from': {'id': 7950191582, 'is_bot': True, 'first_name': 'Room guard agent', 'username': 'kattirsittiroom_bot'}, 'chat': {'id': 5384203443, 'first_name': 'Jeet', 'last_name': 'K', 'type': 'private'}, 'date': 1759903470, 'text': 'Hello the guard bot is activated!'}}
2025-10-08 11:34:30 [INFO] Camera notified to start recording.
2025-10-08 11:34:30 [INFO] Starting webcam...
2025-10-08 11:34:31 [INFO] Webcam activated successfully. Captured one frame for now.
2025-10-13 22:08:02 [INFO] Activation phrase detected! Notifying camera...
2025-10-13 22:08:04 [INFO] {'ok': True, 'result': {'message_id': 4, 'from': {'id': 7950191582, 'is_bot': True, 'first_name': 'Room guard agent', 'username': 'kattirsittiroom_bot'}, 'chat': {'id': 5384203443, 'first_name': 'Jeet', 'last_name': 'K', 'type': 'private'}, 'date': 1760373484, 'text': 'Hello the guard bot is activated!'}}
2025-10-13 22:08:04 [INFO] Camera notified to start recording.
2025-10-13 22:08:04 [INFO] Starting webcam...
2025-10-13 22:08:05 [INFO] Webcam activated successfully. Captured one frame for now.
2025-10-13 22:20:24 [INFO] Activation phrase detected! Notifying camera...
2025-10-13 22:20:25 [INFO] {'ok': True, 'result': {'message_id': 5, 'from': {'id': 7950191582, 'is_bot': True, 'first_name': 'Room guard agent', 'username': 'kattirsittiroom_bot'}, 'chat': {'id': 5384203443, 'first_name': 'Jeet', 'last_name': 'K', 'type': 'private'}, 'date': 1760374225, 'text': 'Hello the guard bot is activated!'}}
2025-10-13 22:20:25 [INFO] Camera notified to start recording.
2025-10-13 22:20:25 [INFO] Starting webcam...
2025-10-13 22:20:26 [INFO] Webcam activated successfully. Captured one frame for now.
2025-10-13 22:22:37 [INFO] Activation phrase detected! Notifying camera...
2025-10-13 22:22:38 [INFO] {'ok': True, 'result': {'message_id': 6, 'from': {'id': 7950191582, 'is_bot': True, 'first_name': 'Room guard agent', 'username': 'kattirsittiroom_bot'}, 'chat': {'id': 5384203443, 'first_name': 'Jeet', 'last_name': 'K', 'type': 'private'}, 'date': 1760374358, 'text': 'Hello the guard bot is activated!'}}
2025-10-13 22:22:38 [INFO] Camera notified to start recording.
2025-10-13 22:22:38 [INFO] Starting webcam...
2025-10-13 22:22:39 [INFO] Webcam activated successfully. Captured one frame for now.
2025-10-13 23:05:38 [INFO] Activation phrase detected! Notifying camera...
2025-10-13 23:05:39 [INFO] {'ok': True, 'result': {'message_id': 7, 'from': {'id': 7950191582, 'is_bot': True, 'first_name': 'Room guard agent', 'username': 'kattirsittiroom_bot'}, 'chat': {'id': 5384203443, 'first_name': 'Jeet', 'last_name': 'K', 'type': 'private'}, 'date': 1760376938, 'text': 'Hello the guard bot is activated!'}}
2025-10-13 23:05:39 [INFO] Camera notified to start recording.
2025-10-13 23:05:39 [INFO] Starting webcam...
2025-10-13 23:05:39 [ERROR] Cannot open webcam
2025-10-14 07:53:59 [INFO] Activation phrase detected! Notifying camera...
2025-10-14 07:54:00 [INFO] {'ok': True, 'result': {'message_id': 8, 'from': {'id': 7950191582, 'is_bot': True, 'first_name': 'Room guard agent', 'username': 'kattirsittiroom_bot'}, 'chat': {'id': 5384203443, 'first_name': 'Jeet', 'last_name': 'K', 'type': 'private'}, 'date': 1760408640, 'text': 'Hello the guard bot is activated!'}}
2025-10-14 07:54:00 [INFO] Camera notified to start recording.
2025-10-14 07:54:00 [INFO] Starting webcam...
2025-10-14 07:54:01 [INFO] Webcam activated successfully. Captured one frame for now.
2025-10-14 07:55:57 [INFO] Activation phrase detected! Notifying camera...
2025-10-14 07:55:58 [INFO] {'ok': True, 'result': {'message_id': 9, 'from': {'id': 7950191582, 'is_bot': True, 'first_name': 'Room guard agent', 'username': 'kattirsittiroom_bot'}, 'chat': {'id': 5384203443, 'first_name': 'Jeet', 'last_name': 'K', 'type': 'private'}, 'date': 1760408758, 'text': 'Hello the guard bot is activated!'}}
2025-10-14 07:55:58 [INFO] Camera notified to start recording.
2025-10-14 07:55:58 [INFO] Starting webcam...
2025-10-14 07:55:59 [INFO] Webcam activated successfully. Captured one frame for now.
2025-10-14 08:07:54 [INFO] Activation phrase detected! Notifying camera...
2025-10-14 08:07:55 [INFO] {'ok': True, 'result': {'message_id': 10, 'from': {'id': 7950191582, 'is_bot': True, 'first_name': 'Room guard agent', 'username': 'kattirsittiroom_bot'}, 'chat': {'id': 5384203443, 'first_name': 'Jeet', 'last_name': 'K', 'type': 'private'}, 'date': 1760409475, 'text': 'Hello the guard bot is activated!'}}
2025-10-14 08:07:55 [INFO] Camera notified to start recording.
2025-10-14 08:07:55 [INFO] Starting webcam...
2025-10-14 08:07:56 [INFO] Webcam activated successfully. Captured one frame for now.
2025-10-14 08:49:45 [INFO] Activation phrase detected! Notifying camera...
2025-10-14 08:49:46 [INFO] {'ok': True, 'result': {'message_id': 11, 'from': {'id': 7950191582, 'is_bot': True, 'first_name': 'Room guard agent', 'username': 'kattirsittiroom_bot'}, 'chat': {'id': 5384203443, 'first_name': 'Jeet', 'last_name': 'K', 'type': 'private'}, 'date': 1760411986, 'text': 'Hello the guard bot is activated!'}}
2025-10-14 08:49:46 [INFO] Camera notified to start recording.
2025-10-14 08:49:46 [INFO] Starting webcam...
2025-10-14 08:49:47 [INFO] Webcam activated successfully. Captured one frame for now.
2025-10-14 08:58:08 [INFO] Activation phrase detected! Notifying camera...
2025-10-14 08:58:09 [INFO] {'ok': True, 'result': {'message_id': 12, 'from': {'id': 7950191582, 'is_bot': True, 'first_name': 'Room guard agent', 'username': 'kattirsittiroom_bot'}, 'chat': {'id': 5384203443, 'first_name': 'Jeet', 'last_name': 'K', 'type': 'private'}, 'date': 1760412489, 'text': 'Hello the guard bot is activated!'}}
2025-10-14 08:58:09 [INFO] Camera notified to start recording.
2025-10-14 08:58:09 [INFO] Starting webcam...
2025-10-14 08:58:10 [INFO] Webcam activated successfully. Captured one frame for now.
